<?xml version="1.0" encoding="utf-8"?><testsuites name="pytest tests"><testsuite name="pytest" errors="0" failures="0" skipped="2" tests="82" time="40.431" timestamp="2026-09-04T22:37:50.003203+00:00" hostname="localhost"><testcase classname="python.tests.test_area_matched_staggered_baseline" name="test_area_matched_staggered_user_20mm_constraints" time="0.286" /><testcase classname="python.tests.test_area_matched_staggered_baseline" name="test_area_matched_staggered_user_25mm_constraints" time="0.919" /><testcase classname="python.tests.test_area_matched_staggered_baseline" name="test_exact_two_finger_layout_is_not_silently_replaced_when_infeasible" time="0.001" /><testcase classname="python.tests.test_area_matched_staggered_baseline" name="test_cpp_reference_component_override_is_baseline_only" time="0.251" /><testcase classname="python.tests.test_area_matched_staggered_baseline" name="test_baseline_output_helpers" time="0.273" /><testcase classname="python.tests.test_area_matched_staggered_baseline" name="test_area_matched_staggered_explicit_recommended_area_override" time="0.227" /><testcase classname="python.tests.test_bc_global_pipeline" name="test_cured_water_mass_fraction_is_final_specimen_basis" time="0.025" /><testcase classname="python.tests.test_bc_global_pipeline" name="test_bc_global_full_debug_pipeline_and_staggered_reference" time="1.604" /><testcase classname="python.tests.test_bc_global_pipeline" name="test_bc_global_release_contract_is_complete" time="0.011" /><testcase classname="python.tests.test_bc_global_pipeline" name="test_bc_global_production_staggered_is_constructible" time="0.699" /><testcase classname="python.tests.test_bc_native" name="test_native_reference_fp64_full_fields[1.0]" time="1.645" /><testcase classname="python.tests.test_bc_native" name="test_native_reference_fp64_full_fields[20.0]" time="5.079" /><testcase classname="python.tests.test_bc_native" name="test_native_reference_fp64_full_fields[260.0]" time="1.855" /><testcase classname="python.tests.test_bc_native" name="test_native_mixed_voltages_matches_independent_calls" time="0.659" /><testcase classname="python.tests.test_bc_native" name="test_candidate_masked_early_stop_does_not_label_partial_as_2s" time="0.381" /><testcase classname="python.tests.test_bc_native" name="test_onset_only_handoff_is_forbidden" time="0.043" /><testcase classname="python.tests.test_bc_native" name="test_invalid_voltages_and_precision_rejected" time="0.043" /><testcase classname="python.tests.test_bc_native" name="test_unsupported_native_physics_never_silently_dropped" time="0.043" /><testcase classname="python.tests.test_bc_native" name="test_native_chemistry_heat_caps_retained" time="1.096" /><testcase classname="python.tests.test_bc_native" name="test_batched_search_cases_numerical_failure_and_censoring" time="0.000" /><testcase classname="python.tests.test_bc_native" name="test_vmin_real_batched_and_full_reference_preserved" time="0.833" /><testcase classname="python.tests.test_bc_native" name="test_native_full_pipeline_keeps_pareto_handoff_staggered" time="0.708" /><testcase classname="python.tests.test_bc_native" name="test_spawned_cpu_pool_uses_native_workers" time="4.198" /><testcase classname="python.tests.test_bc_native" name="test_native_cuda_cpu_full_field_and_mixed_voltage_parity" time="0.000"><skipped type="pytest.skip" message="CUDA hardware unavailable: run on target A100">/mnt/data/ECSP_v8_1_0_BCNative_Hybrid_A100_CPU8/python/tests/test_bc_native.py:178: CUDA hardware unavailable: run on target A100</skipped></testcase><testcase classname="python.tests.test_bc_native" name="test_native_cuda32_64_batch_size_invariance" time="0.000"><skipped type="pytest.skip" message="CUDA hardware unavailable: run on target A100">/mnt/data/ECSP_v8_1_0_BCNative_Hybrid_A100_CPU8/python/tests/test_bc_native.py:193: CUDA hardware unavailable: run on target A100</skipped></testcase><testcase classname="python.tests.test_bc_native_release" name="test_standalone_executable_has_no_python_entrypoint" time="0.412" /><testcase classname="python.tests.test_bc_native_release" name="test_standalone_extension_same_engine_all_fields" time="0.563" /><testcase classname="python.tests.test_bc_native_release" name="test_standalone_early_trial_matches_extension" time="0.613" /><testcase classname="python.tests.test_bc_native_release" name="test_standalone_protocol_rejects_truncated_output" time="0.000" /><testcase classname="python.tests.test_bc_native_release" name="test_batched_search_matches_serial_boolean_reference" time="0.000" /><testcase classname="python.tests.test_bc_native_release" name="test_oom_split_retries_every_candidate_in_order" time="0.536" /><testcase classname="python.tests.test_bc_native_release" name="test_candidate_numerical_failure_isolated" time="0.002" /><testcase classname="python.tests.test_bc_native_release" name="test_infrastructure_error_not_reported_as_physics_failure" time="0.002" /><testcase classname="python.tests.test_bc_native_release" name="test_cpupool_full_pipeline_standalone" time="8.161" /><testcase classname="python.tests.test_bc_native_release" name="test_native_invalid_time_and_table_configs_fail_closed" time="0.042" /><testcase classname="python.tests.test_bc_native_release" name="test_benchmark_geometry_workload_and_profiles" time="0.264" /><testcase classname="python.tests.test_cpp_backend_io" name="test_cpp_mask_binary_roundtrip_layout" time="0.001" /><testcase classname="python.tests.test_cpp_backend_io" name="test_cpp_mask_binary_rejects_overlap" time="0.001" /><testcase classname="python.tests.test_cpp_backend_io" name="test_cpp_flat_config_is_deterministic_and_boolean_safe" time="0.001" /><testcase classname="python.tests.test_cpp_backend_io" name="test_cpp_resolved_config_preserves_static_and_coupled_tolerances" time="0.026" /><testcase classname="python.tests.test_cpp_surface_contact_physics" name="test_cpp_surface_contacts_do_not_remove_propellant" time="2.634" /><testcase classname="python.tests.test_direct_physics_smoke" name="test_direct_no_f_physics_one_step_cpu" time="0.656" /><testcase classname="python.tests.test_diversity_and_mating" name="test_quota_pool_has_target_size_and_topology_coverage" time="0.020" /><testcase classname="python.tests.test_hybrid_cuda_cpu_backend" name="test_legacy_cpu_solver_source_is_preserved_byte_for_byte" time="0.000" /><testcase classname="python.tests.test_hybrid_cuda_cpu_backend" name="test_hybrid_scheduler_reserves_work_for_both_devices" time="0.001" /><testcase classname="python.tests.test_hybrid_cuda_cpu_backend" name="test_torch_batched_equations_match_buffered_cpp_short_horizon" time="2.803" /><testcase classname="python.tests.test_hybrid_cuda_cpu_backend" name="test_create_evaluator_routes_hybrid_backend" time="0.001" /><testcase classname="python.tests.test_hybrid_cuda_cpu_backend" name="test_hybrid_vmin_search_uses_wave_scheduler" time="0.001" /><testcase classname="python.tests.test_hybrid_cuda_cpu_backend" name="test_hybrid_diagnostics_serialises_effective_partition" time="0.001" /><testcase classname="python.tests.test_metric_mapping" name="test_canonical_four_objectives" time="0.000" /><testcase classname="python.tests.test_metric_mapping" name="test_no_ignition_is_finite_and_right_censored_not_nan" time="0.000" /><testcase classname="python.tests.test_mps_multigrid_restriction" name="test_full_weighting_odd_grid_sizes_match_expected_hierarchy" time="0.002" /><testcase classname="python.tests.test_mps_multigrid_restriction" name="test_historical_cpu_area_restriction_is_unchanged" time="0.002" /><testcase classname="python.tests.test_mps_profile" name="test_auto_prefers_mps_when_cuda_is_unavailable" time="0.000" /><testcase classname="python.tests.test_mps_profile" name="test_mps_rejects_fp64" time="0.000" /><testcase classname="python.tests.test_mps_profile" name="test_m2_profile_contains_float32_pilot_tolerances" time="0.024" /><testcase classname="python.tests.test_mps_profile" name="test_direct_evaluator_accepts_mps_fp32_profile" time="0.029" /><testcase classname="python.tests.test_mps_profile" name="test_direct_evaluator_rejects_mps_with_default_fp64" time="0.029" /><testcase classname="python.tests.test_mps_profile" name="test_float32_physics_path_smoke_on_cpu" time="0.456" /><testcase classname="python.tests.test_mps_safe_reductions" name="test_fixed_shape_batch_reductions_match_reference" time="0.001" /><testcase classname="python.tests.test_mps_safe_reductions" name="test_fixed_shape_masked_quantile_matches_linear_reference" time="0.000" /><testcase classname="python.tests.test_mps_safe_reductions" name="test_fixed_shape_quantile_accepts_single_2d_field" time="0.000" /><testcase classname="python.tests.test_no_f_contract" name="test_active_solver_contains_no_f_state_or_equation" time="0.001" /><testcase classname="python.tests.test_no_f_contract" name="test_base_config_has_no_flame_section_and_cfd_is_disabled" time="0.024" /><testcase classname="python.tests.test_no_f_contract" name="test_active_package_has_no_openfoam_runtime_commands" time="0.004" /><testcase classname="python.tests.test_no_f_contract" name="test_production_requires_condensed_phase_ignition_for_recommendation" time="0.004" /><testcase classname="python.tests.test_nonlinear_robin_gauge_balance" name="test_exact_global_gauge_balances_batched_bv_currents_fp32" time="0.390" /><testcase classname="python.tests.test_nonlinear_robin_gauge_balance" name="test_mps_fp32_profile_one_step_on_cpu_reference" time="0.502" /><testcase classname="python.tests.test_nsga2_core" name="test_non_dominated_sort_and_constraint_domination" time="0.000" /><testcase classname="python.tests.test_nsga2_core" name="test_elitist_environmental_selection_and_knee" time="0.000" /><testcase classname="python.tests.test_physical_floors_and_bv_derivative" name="test_physical_floors_do_not_depend_on_dtype" time="0.024" /><testcase classname="python.tests.test_physical_floors_and_bv_derivative" name="test_mass_transfer_derivative_does_not_flush_to_zero_at_large_kinetic_current" time="0.025" /><testcase classname="python.tests.test_potential_spd_equilibration" name="test_representative_spd_pcg_preflight_cpu_fp32" time="0.056" /><testcase classname="python.tests.test_potential_spd_equilibration" name="test_pcg_with_legacy_multigrid_is_not_silently_rerouted" time="0.026" /><testcase classname="python.tests.test_potential_spd_equilibration" name="test_gpu_resident_residual_minimising_fallback_recovers_small_spd_case" time="0.081" /><testcase classname="python.tests.test_surface_contact_multicomponent_geometry" name="test_bootstrap_templates_cover_requested_component_pairs" time="0.002" /><testcase classname="python.tests.test_surface_contact_multicomponent_geometry" name="test_components_have_independent_poses_and_surface_contact_area" time="0.058" /><testcase classname="python.tests.test_surface_contact_multicomponent_geometry" name="test_component_mutations_obey_caps_and_change_counts" time="0.003" /><testcase classname="python.tests.test_surface_contact_multicomponent_geometry" name="test_component_level_crossover_obeys_caps" time="0.011" /><testcase classname="python.tests.test_surface_contact_multicomponent_geometry" name="test_saved_geometry_contains_full_propellant_overlay_masks" time="0.056" /><testcase classname="python.tests.test_vmin_search" name="test_vmin_bracketed_search_reports_conservative_igniting_bound" time="0.003" /><testcase classname="python.tests.test_vmin_search" name="test_vmin_right_censor_when_reference_does_not_ignite" time="0.001" /></testsuite></testsuites>